0 info it worked if it ends with ok
1 verbose cli [ '/Users/ggt/.nvm/versions/node/v5.9.1/bin/node',
1 verbose cli   '/Users/ggt/.nvm/versions/node/v5.9.1/bin/npm',
1 verbose cli   'start' ]
2 info using npm@3.8.5
3 info using node@v5.9.1
4 verbose stack Error: ENOENT: no such file or directory, open '/Users/ggt/independent/AlgoLab/featureselection/package.json'
4 verbose stack     at Error (native)
5 verbose cwd /Users/ggt/independent/AlgoLab/featureselection
6 error Darwin 15.3.0
7 error argv "/Users/ggt/.nvm/versions/node/v5.9.1/bin/node" "/Users/ggt/.nvm/versions/node/v5.9.1/bin/npm" "start"
8 error node v5.9.1
9 error npm  v3.8.5
10 error path /Users/ggt/independent/AlgoLab/featureselection/package.json
11 error code ENOENT
12 error errno -2
13 error syscall open
14 error enoent ENOENT: no such file or directory, open '/Users/ggt/independent/AlgoLab/featureselection/package.json'
15 error enoent ENOENT: no such file or directory, open '/Users/ggt/independent/AlgoLab/featureselection/package.json'
15 error enoent This is most likely not a problem with npm itself
15 error enoent and is related to npm not being able to find a file.
16 verbose exit [ -2, true ]
